2023-06-23T09:10:17+00:00 CRITICAL Uncaught RuntimeException: Unable to claim actions. Database error. in /home/swapyou/www/wp-content/plugins/imagify/inc/Dependencies/ActionScheduler/classes/data-stores/ActionScheduler_DBStore.php:864
Stack trace:
#0 /home/swapyou/www/wp-content/plugins/imagify/inc/Dependencies/ActionScheduler/classes/data-stores/ActionScheduler_DBStore.php(778): ActionScheduler_DBStore->claim_actions(0, 25, NULL, Array, '')
#1 /home/swapyou/www/wp-content/plugins/imagify/inc/Dependencies/ActionScheduler/classes/ActionScheduler_QueueRunner.php(157): ActionScheduler_DBStore->stake_claim(25)
#2 /home/swapyou/www/wp-content/plugins/imagify/inc/Dependencies/ActionScheduler/classes/ActionScheduler_QueueRunner.php(136): ActionScheduler_QueueRunner->do_batch(25, 'Async Request')
#3 /home/swapyou/www/wp-includes/class-wp-hook.php(308): ActionScheduler_QueueRunner->run('Async Request')
#4 /home/swapyou/www/wp-includes/class-wp-hook.php(332): WP_Hook->apply_filters('', Array)
#5 /home/swapyou/www/wp-includes/plugin.php(517): WP_Hook->d dans /home/swapyou/www/wp-content/plugins/imagify/inc/Dependencies/ActionScheduler/classes/data-stores/ActionScheduler_DBStore.php à la ligne 864

2023-06-23T09:10:19+00:00 CRITICAL Uncaught RuntimeException: Unable to claim actions. Database error. in /home/swapyou/www/wp-content/plugins/imagify/inc/Dependencies/ActionScheduler/classes/data-stores/ActionScheduler_DBStore.php:864
Stack trace:
#0 /home/swapyou/www/wp-content/plugins/imagify/inc/Dependencies/ActionScheduler/classes/data-stores/ActionScheduler_DBStore.php(778): ActionScheduler_DBStore->claim_actions(0, 25, NULL, Array, '')
#1 /home/swapyou/www/wp-content/plugins/imagify/inc/Dependencies/ActionScheduler/classes/ActionScheduler_QueueRunner.php(157): ActionScheduler_DBStore->stake_claim(25)
#2 /home/swapyou/www/wp-content/plugins/imagify/inc/Dependencies/ActionScheduler/classes/ActionScheduler_QueueRunner.php(136): ActionScheduler_QueueRunner->do_batch(25, 'Async Request')
#3 /home/swapyou/www/wp-includes/class-wp-hook.php(308): ActionScheduler_QueueRunner->run('Async Request')
#4 /home/swapyou/www/wp-includes/class-wp-hook.php(332): WP_Hook->apply_filters('', Array)
#5 /home/swapyou/www/wp-includes/plugin.php(517): WP_Hook->d dans /home/swapyou/www/wp-content/plugins/imagify/inc/Dependencies/ActionScheduler/classes/data-stores/ActionScheduler_DBStore.php à la ligne 864

2023-06-23T09:10:22+00:00 CRITICAL Uncaught RuntimeException: Unable to claim actions. Database error. in /home/swapyou/www/wp-content/plugins/imagify/inc/Dependencies/ActionScheduler/classes/data-stores/ActionScheduler_DBStore.php:864
Stack trace:
#0 /home/swapyou/www/wp-content/plugins/imagify/inc/Dependencies/ActionScheduler/classes/data-stores/ActionScheduler_DBStore.php(778): ActionScheduler_DBStore->claim_actions(0, 25, NULL, Array, '')
#1 /home/swapyou/www/wp-content/plugins/imagify/inc/Dependencies/ActionScheduler/classes/ActionScheduler_QueueRunner.php(157): ActionScheduler_DBStore->stake_claim(25)
#2 /home/swapyou/www/wp-content/plugins/imagify/inc/Dependencies/ActionScheduler/classes/ActionScheduler_QueueRunner.php(136): ActionScheduler_QueueRunner->do_batch(25, 'Async Request')
#3 /home/swapyou/www/wp-includes/class-wp-hook.php(308): ActionScheduler_QueueRunner->run('Async Request')
#4 /home/swapyou/www/wp-includes/class-wp-hook.php(332): WP_Hook->apply_filters('', Array)
#5 /home/swapyou/www/wp-includes/plugin.php(517): WP_Hook->d dans /home/swapyou/www/wp-content/plugins/imagify/inc/Dependencies/ActionScheduler/classes/data-stores/ActionScheduler_DBStore.php à la ligne 864

2023-06-23T09:10:24+00:00 CRITICAL Uncaught RuntimeException: Unable to claim actions. Database error. in /home/swapyou/www/wp-content/plugins/imagify/inc/Dependencies/ActionScheduler/classes/data-stores/ActionScheduler_DBStore.php:864
Stack trace:
#0 /home/swapyou/www/wp-content/plugins/imagify/inc/Dependencies/ActionScheduler/classes/data-stores/ActionScheduler_DBStore.php(778): ActionScheduler_DBStore->claim_actions(0, 25, NULL, Array, '')
#1 /home/swapyou/www/wp-content/plugins/imagify/inc/Dependencies/ActionScheduler/classes/ActionScheduler_QueueRunner.php(157): ActionScheduler_DBStore->stake_claim(25)
#2 /home/swapyou/www/wp-content/plugins/imagify/inc/Dependencies/ActionScheduler/classes/ActionScheduler_QueueRunner.php(136): ActionScheduler_QueueRunner->do_batch(25, 'Async Request')
#3 /home/swapyou/www/wp-includes/class-wp-hook.php(308): ActionScheduler_QueueRunner->run('Async Request')
#4 /home/swapyou/www/wp-includes/class-wp-hook.php(332): WP_Hook->apply_filters('', Array)
#5 /home/swapyou/www/wp-includes/plugin.php(517): WP_Hook->d dans /home/swapyou/www/wp-content/plugins/imagify/inc/Dependencies/ActionScheduler/classes/data-stores/ActionScheduler_DBStore.php à la ligne 864

2023-06-23T09:10:27+00:00 CRITICAL Uncaught RuntimeException: Unable to claim actions. Database error. in /home/swapyou/www/wp-content/plugins/imagify/inc/Dependencies/ActionScheduler/classes/data-stores/ActionScheduler_DBStore.php:864
Stack trace:
#0 /home/swapyou/www/wp-content/plugins/imagify/inc/Dependencies/ActionScheduler/classes/data-stores/ActionScheduler_DBStore.php(778): ActionScheduler_DBStore->claim_actions(0, 25, NULL, Array, '')
#1 /home/swapyou/www/wp-content/plugins/imagify/inc/Dependencies/ActionScheduler/classes/ActionScheduler_QueueRunner.php(157): ActionScheduler_DBStore->stake_claim(25)
#2 /home/swapyou/www/wp-content/plugins/imagify/inc/Dependencies/ActionScheduler/classes/ActionScheduler_QueueRunner.php(136): ActionScheduler_QueueRunner->do_batch(25, 'Async Request')
#3 /home/swapyou/www/wp-includes/class-wp-hook.php(308): ActionScheduler_QueueRunner->run('Async Request')
#4 /home/swapyou/www/wp-includes/class-wp-hook.php(332): WP_Hook->apply_filters('', Array)
#5 /home/swapyou/www/wp-includes/plugin.php(517): WP_Hook->d dans /home/swapyou/www/wp-content/plugins/imagify/inc/Dependencies/ActionScheduler/classes/data-stores/ActionScheduler_DBStore.php à la ligne 864

2023-06-23T09:10:30+00:00 CRITICAL Uncaught RuntimeException: Unable to claim actions. Database error. in /home/swapyou/www/wp-content/plugins/imagify/inc/Dependencies/ActionScheduler/classes/data-stores/ActionScheduler_DBStore.php:864
Stack trace:
#0 /home/swapyou/www/wp-content/plugins/imagify/inc/Dependencies/ActionScheduler/classes/data-stores/ActionScheduler_DBStore.php(778): ActionScheduler_DBStore->claim_actions(0, 25, NULL, Array, '')
#1 /home/swapyou/www/wp-content/plugins/imagify/inc/Dependencies/ActionScheduler/classes/ActionScheduler_QueueRunner.php(157): ActionScheduler_DBStore->stake_claim(25)
#2 /home/swapyou/www/wp-content/plugins/imagify/inc/Dependencies/ActionScheduler/classes/ActionScheduler_QueueRunner.php(136): ActionScheduler_QueueRunner->do_batch(25, 'Async Request')
#3 /home/swapyou/www/wp-includes/class-wp-hook.php(308): ActionScheduler_QueueRunner->run('Async Request')
#4 /home/swapyou/www/wp-includes/class-wp-hook.php(332): WP_Hook->apply_filters('', Array)
#5 /home/swapyou/www/wp-includes/plugin.php(517): WP_Hook->d dans /home/swapyou/www/wp-content/plugins/imagify/inc/Dependencies/ActionScheduler/classes/data-stores/ActionScheduler_DBStore.php à la ligne 864

2023-06-23T09:10:31+00:00 CRITICAL Uncaught RuntimeException: Unable to claim actions. Database error. in /home/swapyou/www/wp-content/plugins/imagify/inc/Dependencies/ActionScheduler/classes/data-stores/ActionScheduler_DBStore.php:864
Stack trace:
#0 /home/swapyou/www/wp-content/plugins/imagify/inc/Dependencies/ActionScheduler/classes/data-stores/ActionScheduler_DBStore.php(778): ActionScheduler_DBStore->claim_actions(0, 25, NULL, Array, '')
#1 /home/swapyou/www/wp-content/plugins/imagify/inc/Dependencies/ActionScheduler/classes/ActionScheduler_QueueRunner.php(157): ActionScheduler_DBStore->stake_claim(25)
#2 /home/swapyou/www/wp-content/plugins/imagify/inc/Dependencies/ActionScheduler/classes/ActionScheduler_QueueRunner.php(136): ActionScheduler_QueueRunner->do_batch(25, 'Async Request')
#3 /home/swapyou/www/wp-includes/class-wp-hook.php(308): ActionScheduler_QueueRunner->run('Async Request')
#4 /home/swapyou/www/wp-includes/class-wp-hook.php(332): WP_Hook->apply_filters('', Array)
#5 /home/swapyou/www/wp-includes/plugin.php(517): WP_Hook->d dans /home/swapyou/www/wp-content/plugins/imagify/inc/Dependencies/ActionScheduler/classes/data-stores/ActionScheduler_DBStore.php à la ligne 864

2023-06-23T09:10:34+00:00 CRITICAL Uncaught RuntimeException: Unable to claim actions. Database error. in /home/swapyou/www/wp-content/plugins/imagify/inc/Dependencies/ActionScheduler/classes/data-stores/ActionScheduler_DBStore.php:864
Stack trace:
#0 /home/swapyou/www/wp-content/plugins/imagify/inc/Dependencies/ActionScheduler/classes/data-stores/ActionScheduler_DBStore.php(778): ActionScheduler_DBStore->claim_actions(0, 25, NULL, Array, '')
#1 /home/swapyou/www/wp-content/plugins/imagify/inc/Dependencies/ActionScheduler/classes/ActionScheduler_QueueRunner.php(157): ActionScheduler_DBStore->stake_claim(25)
#2 /home/swapyou/www/wp-content/plugins/imagify/inc/Dependencies/ActionScheduler/classes/ActionScheduler_QueueRunner.php(136): ActionScheduler_QueueRunner->do_batch(25, 'Async Request')
#3 /home/swapyou/www/wp-includes/class-wp-hook.php(308): ActionScheduler_QueueRunner->run('Async Request')
#4 /home/swapyou/www/wp-includes/class-wp-hook.php(332): WP_Hook->apply_filters('', Array)
#5 /home/swapyou/www/wp-includes/plugin.php(517): WP_Hook->d dans /home/swapyou/www/wp-content/plugins/imagify/inc/Dependencies/ActionScheduler/classes/data-stores/ActionScheduler_DBStore.php à la ligne 864

2023-06-23T09:10:36+00:00 CRITICAL Uncaught RuntimeException: Unable to claim actions. Database error. in /home/swapyou/www/wp-content/plugins/imagify/inc/Dependencies/ActionScheduler/classes/data-stores/ActionScheduler_DBStore.php:864
Stack trace:
#0 /home/swapyou/www/wp-content/plugins/imagify/inc/Dependencies/ActionScheduler/classes/data-stores/ActionScheduler_DBStore.php(778): ActionScheduler_DBStore->claim_actions(0, 25, NULL, Array, '')
#1 /home/swapyou/www/wp-content/plugins/imagify/inc/Dependencies/ActionScheduler/classes/ActionScheduler_QueueRunner.php(157): ActionScheduler_DBStore->stake_claim(25)
#2 /home/swapyou/www/wp-content/plugins/imagify/inc/Dependencies/ActionScheduler/classes/ActionScheduler_QueueRunner.php(136): ActionScheduler_QueueRunner->do_batch(25, 'Async Request')
#3 /home/swapyou/www/wp-includes/class-wp-hook.php(308): ActionScheduler_QueueRunner->run('Async Request')
#4 /home/swapyou/www/wp-includes/class-wp-hook.php(332): WP_Hook->apply_filters('', Array)
#5 /home/swapyou/www/wp-includes/plugin.php(517): WP_Hook->d dans /home/swapyou/www/wp-content/plugins/imagify/inc/Dependencies/ActionScheduler/classes/data-stores/ActionScheduler_DBStore.php à la ligne 864

2023-06-23T09:10:38+00:00 CRITICAL Uncaught RuntimeException: Unable to claim actions. Database error. in /home/swapyou/www/wp-content/plugins/imagify/inc/Dependencies/ActionScheduler/classes/data-stores/ActionScheduler_DBStore.php:864
Stack trace:
#0 /home/swapyou/www/wp-content/plugins/imagify/inc/Dependencies/ActionScheduler/classes/data-stores/ActionScheduler_DBStore.php(778): ActionScheduler_DBStore->claim_actions(0, 25, NULL, Array, '')
#1 /home/swapyou/www/wp-content/plugins/imagify/inc/Dependencies/ActionScheduler/classes/ActionScheduler_QueueRunner.php(157): ActionScheduler_DBStore->stake_claim(25)
#2 /home/swapyou/www/wp-content/plugins/imagify/inc/Dependencies/ActionScheduler/classes/ActionScheduler_QueueRunner.php(136): ActionScheduler_QueueRunner->do_batch(25, 'Async Request')
#3 /home/swapyou/www/wp-includes/class-wp-hook.php(308): ActionScheduler_QueueRunner->run('Async Request')
#4 /home/swapyou/www/wp-includes/class-wp-hook.php(332): WP_Hook->apply_filters('', Array)
#5 /home/swapyou/www/wp-includes/plugin.php(517): WP_Hook->d dans /home/swapyou/www/wp-content/plugins/imagify/inc/Dependencies/ActionScheduler/classes/data-stores/ActionScheduler_DBStore.php à la ligne 864

2023-06-23T09:10:41+00:00 CRITICAL Uncaught RuntimeException: Unable to claim actions. Database error. in /home/swapyou/www/wp-content/plugins/imagify/inc/Dependencies/ActionScheduler/classes/data-stores/ActionScheduler_DBStore.php:864
Stack trace:
#0 /home/swapyou/www/wp-content/plugins/imagify/inc/Dependencies/ActionScheduler/classes/data-stores/ActionScheduler_DBStore.php(778): ActionScheduler_DBStore->claim_actions(0, 25, NULL, Array, '')
#1 /home/swapyou/www/wp-content/plugins/imagify/inc/Dependencies/ActionScheduler/classes/ActionScheduler_QueueRunner.php(157): ActionScheduler_DBStore->stake_claim(25)
#2 /home/swapyou/www/wp-content/plugins/imagify/inc/Dependencies/ActionScheduler/classes/ActionScheduler_QueueRunner.php(136): ActionScheduler_QueueRunner->do_batch(25, 'Async Request')
#3 /home/swapyou/www/wp-includes/class-wp-hook.php(308): ActionScheduler_QueueRunner->run('Async Request')
#4 /home/swapyou/www/wp-includes/class-wp-hook.php(332): WP_Hook->apply_filters('', Array)
#5 /home/swapyou/www/wp-includes/plugin.php(517): WP_Hook->d dans /home/swapyou/www/wp-content/plugins/imagify/inc/Dependencies/ActionScheduler/classes/data-stores/ActionScheduler_DBStore.php à la ligne 864

2023-06-23T09:10:42+00:00 CRITICAL Uncaught RuntimeException: Unable to claim actions. Database error. in /home/swapyou/www/wp-content/plugins/imagify/inc/Dependencies/ActionScheduler/classes/data-stores/ActionScheduler_DBStore.php:864
Stack trace:
#0 /home/swapyou/www/wp-content/plugins/imagify/inc/Dependencies/ActionScheduler/classes/data-stores/ActionScheduler_DBStore.php(778): ActionScheduler_DBStore->claim_actions(0, 25, NULL, Array, '')
#1 /home/swapyou/www/wp-content/plugins/imagify/inc/Dependencies/ActionScheduler/classes/ActionScheduler_QueueRunner.php(157): ActionScheduler_DBStore->stake_claim(25)
#2 /home/swapyou/www/wp-content/plugins/imagify/inc/Dependencies/ActionScheduler/classes/ActionScheduler_QueueRunner.php(136): ActionScheduler_QueueRunner->do_batch(25, 'Async Request')
#3 /home/swapyou/www/wp-includes/class-wp-hook.php(308): ActionScheduler_QueueRunner->run('Async Request')
#4 /home/swapyou/www/wp-includes/class-wp-hook.php(332): WP_Hook->apply_filters('', Array)
#5 /home/swapyou/www/wp-includes/plugin.php(517): WP_Hook->d dans /home/swapyou/www/wp-content/plugins/imagify/inc/Dependencies/ActionScheduler/classes/data-stores/ActionScheduler_DBStore.php à la ligne 864

2023-06-23T09:10:44+00:00 CRITICAL Uncaught RuntimeException: Unable to claim actions. Database error. in /home/swapyou/www/wp-content/plugins/imagify/inc/Dependencies/ActionScheduler/classes/data-stores/ActionScheduler_DBStore.php:864
Stack trace:
#0 /home/swapyou/www/wp-content/plugins/imagify/inc/Dependencies/ActionScheduler/classes/data-stores/ActionScheduler_DBStore.php(778): ActionScheduler_DBStore->claim_actions(0, 25, NULL, Array, '')
#1 /home/swapyou/www/wp-content/plugins/imagify/inc/Dependencies/ActionScheduler/classes/ActionScheduler_QueueRunner.php(157): ActionScheduler_DBStore->stake_claim(25)
#2 /home/swapyou/www/wp-content/plugins/imagify/inc/Dependencies/ActionScheduler/classes/ActionScheduler_QueueRunner.php(136): ActionScheduler_QueueRunner->do_batch(25, 'Async Request')
#3 /home/swapyou/www/wp-includes/class-wp-hook.php(308): ActionScheduler_QueueRunner->run('Async Request')
#4 /home/swapyou/www/wp-includes/class-wp-hook.php(332): WP_Hook->apply_filters('', Array)
#5 /home/swapyou/www/wp-includes/plugin.php(517): WP_Hook->d dans /home/swapyou/www/wp-content/plugins/imagify/inc/Dependencies/ActionScheduler/classes/data-stores/ActionScheduler_DBStore.php à la ligne 864

2023-06-23T09:10:46+00:00 CRITICAL Uncaught RuntimeException: Unable to claim actions. Database error. in /home/swapyou/www/wp-content/plugins/imagify/inc/Dependencies/ActionScheduler/classes/data-stores/ActionScheduler_DBStore.php:864
Stack trace:
#0 /home/swapyou/www/wp-content/plugins/imagify/inc/Dependencies/ActionScheduler/classes/data-stores/ActionScheduler_DBStore.php(778): ActionScheduler_DBStore->claim_actions(0, 25, NULL, Array, '')
#1 /home/swapyou/www/wp-content/plugins/imagify/inc/Dependencies/ActionScheduler/classes/ActionScheduler_QueueRunner.php(157): ActionScheduler_DBStore->stake_claim(25)
#2 /home/swapyou/www/wp-content/plugins/imagify/inc/Dependencies/ActionScheduler/classes/ActionScheduler_QueueRunner.php(136): ActionScheduler_QueueRunner->do_batch(25, 'Async Request')
#3 /home/swapyou/www/wp-includes/class-wp-hook.php(308): ActionScheduler_QueueRunner->run('Async Request')
#4 /home/swapyou/www/wp-includes/class-wp-hook.php(332): WP_Hook->apply_filters('', Array)
#5 /home/swapyou/www/wp-includes/plugin.php(517): WP_Hook->d dans /home/swapyou/www/wp-content/plugins/imagify/inc/Dependencies/ActionScheduler/classes/data-stores/ActionScheduler_DBStore.php à la ligne 864

2023-06-23T09:10:47+00:00 CRITICAL Uncaught RuntimeException: Unable to claim actions. Database error. in /home/swapyou/www/wp-content/plugins/imagify/inc/Dependencies/ActionScheduler/classes/data-stores/ActionScheduler_DBStore.php:864
Stack trace:
#0 /home/swapyou/www/wp-content/plugins/imagify/inc/Dependencies/ActionScheduler/classes/data-stores/ActionScheduler_DBStore.php(778): ActionScheduler_DBStore->claim_actions(0, 25, NULL, Array, '')
#1 /home/swapyou/www/wp-content/plugins/imagify/inc/Dependencies/ActionScheduler/classes/ActionScheduler_QueueRunner.php(157): ActionScheduler_DBStore->stake_claim(25)
#2 /home/swapyou/www/wp-content/plugins/imagify/inc/Dependencies/ActionScheduler/classes/ActionScheduler_QueueRunner.php(136): ActionScheduler_QueueRunner->do_batch(25, 'Async Request')
#3 /home/swapyou/www/wp-includes/class-wp-hook.php(308): ActionScheduler_QueueRunner->run('Async Request')
#4 /home/swapyou/www/wp-includes/class-wp-hook.php(332): WP_Hook->apply_filters('', Array)
#5 /home/swapyou/www/wp-includes/plugin.php(517): WP_Hook->d dans /home/swapyou/www/wp-content/plugins/imagify/inc/Dependencies/ActionScheduler/classes/data-stores/ActionScheduler_DBStore.php à la ligne 864

2023-06-23T09:10:50+00:00 CRITICAL Uncaught RuntimeException: Unable to claim actions. Database error. in /home/swapyou/www/wp-content/plugins/imagify/inc/Dependencies/ActionScheduler/classes/data-stores/ActionScheduler_DBStore.php:864
Stack trace:
#0 /home/swapyou/www/wp-content/plugins/imagify/inc/Dependencies/ActionScheduler/classes/data-stores/ActionScheduler_DBStore.php(778): ActionScheduler_DBStore->claim_actions(0, 25, NULL, Array, '')
#1 /home/swapyou/www/wp-content/plugins/imagify/inc/Dependencies/ActionScheduler/classes/ActionScheduler_QueueRunner.php(157): ActionScheduler_DBStore->stake_claim(25)
#2 /home/swapyou/www/wp-content/plugins/imagify/inc/Dependencies/ActionScheduler/classes/ActionScheduler_QueueRunner.php(136): ActionScheduler_QueueRunner->do_batch(25, 'Async Request')
#3 /home/swapyou/www/wp-includes/class-wp-hook.php(308): ActionScheduler_QueueRunner->run('Async Request')
#4 /home/swapyou/www/wp-includes/class-wp-hook.php(332): WP_Hook->apply_filters('', Array)
#5 /home/swapyou/www/wp-includes/plugin.php(517): WP_Hook->d dans /home/swapyou/www/wp-content/plugins/imagify/inc/Dependencies/ActionScheduler/classes/data-stores/ActionScheduler_DBStore.php à la ligne 864

2023-06-23T09:10:52+00:00 CRITICAL Uncaught RuntimeException: Unable to claim actions. Database error. in /home/swapyou/www/wp-content/plugins/imagify/inc/Dependencies/ActionScheduler/classes/data-stores/ActionScheduler_DBStore.php:864
Stack trace:
#0 /home/swapyou/www/wp-content/plugins/imagify/inc/Dependencies/ActionScheduler/classes/data-stores/ActionScheduler_DBStore.php(778): ActionScheduler_DBStore->claim_actions(0, 25, NULL, Array, '')
#1 /home/swapyou/www/wp-content/plugins/imagify/inc/Dependencies/ActionScheduler/classes/ActionScheduler_QueueRunner.php(157): ActionScheduler_DBStore->stake_claim(25)
#2 /home/swapyou/www/wp-content/plugins/imagify/inc/Dependencies/ActionScheduler/classes/ActionScheduler_QueueRunner.php(136): ActionScheduler_QueueRunner->do_batch(25, 'Async Request')
#3 /home/swapyou/www/wp-includes/class-wp-hook.php(308): ActionScheduler_QueueRunner->run('Async Request')
#4 /home/swapyou/www/wp-includes/class-wp-hook.php(332): WP_Hook->apply_filters('', Array)
#5 /home/swapyou/www/wp-includes/plugin.php(517): WP_Hook->d dans /home/swapyou/www/wp-content/plugins/imagify/inc/Dependencies/ActionScheduler/classes/data-stores/ActionScheduler_DBStore.php à la ligne 864

2023-06-23T09:10:55+00:00 CRITICAL Uncaught RuntimeException: Unable to claim actions. Database error. in /home/swapyou/www/wp-content/plugins/imagify/inc/Dependencies/ActionScheduler/classes/data-stores/ActionScheduler_DBStore.php:864
Stack trace:
#0 /home/swapyou/www/wp-content/plugins/imagify/inc/Dependencies/ActionScheduler/classes/data-stores/ActionScheduler_DBStore.php(778): ActionScheduler_DBStore->claim_actions(0, 25, NULL, Array, '')
#1 /home/swapyou/www/wp-content/plugins/imagify/inc/Dependencies/ActionScheduler/classes/ActionScheduler_QueueRunner.php(157): ActionScheduler_DBStore->stake_claim(25)
#2 /home/swapyou/www/wp-content/plugins/imagify/inc/Dependencies/ActionScheduler/classes/ActionScheduler_QueueRunner.php(136): ActionScheduler_QueueRunner->do_batch(25, 'Async Request')
#3 /home/swapyou/www/wp-includes/class-wp-hook.php(308): ActionScheduler_QueueRunner->run('Async Request')
#4 /home/swapyou/www/wp-includes/class-wp-hook.php(332): WP_Hook->apply_filters('', Array)
#5 /home/swapyou/www/wp-includes/plugin.php(517): WP_Hook->d dans /home/swapyou/www/wp-content/plugins/imagify/inc/Dependencies/ActionScheduler/classes/data-stores/ActionScheduler_DBStore.php à la ligne 864

2023-06-23T09:10:56+00:00 CRITICAL Uncaught RuntimeException: Unable to claim actions. Database error. in /home/swapyou/www/wp-content/plugins/imagify/inc/Dependencies/ActionScheduler/classes/data-stores/ActionScheduler_DBStore.php:864
Stack trace:
#0 /home/swapyou/www/wp-content/plugins/imagify/inc/Dependencies/ActionScheduler/classes/data-stores/ActionScheduler_DBStore.php(778): ActionScheduler_DBStore->claim_actions(0, 25, NULL, Array, '')
#1 /home/swapyou/www/wp-content/plugins/imagify/inc/Dependencies/ActionScheduler/classes/ActionScheduler_QueueRunner.php(157): ActionScheduler_DBStore->stake_claim(25)
#2 /home/swapyou/www/wp-content/plugins/imagify/inc/Dependencies/ActionScheduler/classes/ActionScheduler_QueueRunner.php(136): ActionScheduler_QueueRunner->do_batch(25, 'Async Request')
#3 /home/swapyou/www/wp-includes/class-wp-hook.php(308): ActionScheduler_QueueRunner->run('Async Request')
#4 /home/swapyou/www/wp-includes/class-wp-hook.php(332): WP_Hook->apply_filters('', Array)
#5 /home/swapyou/www/wp-includes/plugin.php(517): WP_Hook->d dans /home/swapyou/www/wp-content/plugins/imagify/inc/Dependencies/ActionScheduler/classes/data-stores/ActionScheduler_DBStore.php à la ligne 864

2023-06-23T09:10:58+00:00 CRITICAL Uncaught RuntimeException: Unable to claim actions. Database error. in /home/swapyou/www/wp-content/plugins/imagify/inc/Dependencies/ActionScheduler/classes/data-stores/ActionScheduler_DBStore.php:864
Stack trace:
#0 /home/swapyou/www/wp-content/plugins/imagify/inc/Dependencies/ActionScheduler/classes/data-stores/ActionScheduler_DBStore.php(778): ActionScheduler_DBStore->claim_actions(0, 25, NULL, Array, '')
#1 /home/swapyou/www/wp-content/plugins/imagify/inc/Dependencies/ActionScheduler/classes/ActionScheduler_QueueRunner.php(157): ActionScheduler_DBStore->stake_claim(25)
#2 /home/swapyou/www/wp-content/plugins/imagify/inc/Dependencies/ActionScheduler/classes/ActionScheduler_QueueRunner.php(136): ActionScheduler_QueueRunner->do_batch(25, 'Async Request')
#3 /home/swapyou/www/wp-includes/class-wp-hook.php(308): ActionScheduler_QueueRunner->run('Async Request')
#4 /home/swapyou/www/wp-includes/class-wp-hook.php(332): WP_Hook->apply_filters('', Array)
#5 /home/swapyou/www/wp-includes/plugin.php(517): WP_Hook->d dans /home/swapyou/www/wp-content/plugins/imagify/inc/Dependencies/ActionScheduler/classes/data-stores/ActionScheduler_DBStore.php à la ligne 864

2023-06-23T09:10:59+00:00 CRITICAL Uncaught RuntimeException: Unable to claim actions. Database error. in /home/swapyou/www/wp-content/plugins/imagify/inc/Dependencies/ActionScheduler/classes/data-stores/ActionScheduler_DBStore.php:864
Stack trace:
#0 /home/swapyou/www/wp-content/plugins/imagify/inc/Dependencies/ActionScheduler/classes/data-stores/ActionScheduler_DBStore.php(778): ActionScheduler_DBStore->claim_actions(0, 25, NULL, Array, '')
#1 /home/swapyou/www/wp-content/plugins/imagify/inc/Dependencies/ActionScheduler/classes/ActionScheduler_QueueRunner.php(157): ActionScheduler_DBStore->stake_claim(25)
#2 /home/swapyou/www/wp-content/plugins/imagify/inc/Dependencies/ActionScheduler/classes/ActionScheduler_QueueRunner.php(136): ActionScheduler_QueueRunner->do_batch(25, 'Async Request')
#3 /home/swapyou/www/wp-includes/class-wp-hook.php(308): ActionScheduler_QueueRunner->run('Async Request')
#4 /home/swapyou/www/wp-includes/class-wp-hook.php(332): WP_Hook->apply_filters('', Array)
#5 /home/swapyou/www/wp-includes/plugin.php(517): WP_Hook->d dans /home/swapyou/www/wp-content/plugins/imagify/inc/Dependencies/ActionScheduler/classes/data-stores/ActionScheduler_DBStore.php à la ligne 864

2023-06-23T09:11:01+00:00 CRITICAL Uncaught RuntimeException: Unable to claim actions. Database error. in /home/swapyou/www/wp-content/plugins/imagify/inc/Dependencies/ActionScheduler/classes/data-stores/ActionScheduler_DBStore.php:864
Stack trace:
#0 /home/swapyou/www/wp-content/plugins/imagify/inc/Dependencies/ActionScheduler/classes/data-stores/ActionScheduler_DBStore.php(778): ActionScheduler_DBStore->claim_actions(0, 25, NULL, Array, '')
#1 /home/swapyou/www/wp-content/plugins/imagify/inc/Dependencies/ActionScheduler/classes/ActionScheduler_QueueRunner.php(157): ActionScheduler_DBStore->stake_claim(25)
#2 /home/swapyou/www/wp-content/plugins/imagify/inc/Dependencies/ActionScheduler/classes/ActionScheduler_QueueRunner.php(136): ActionScheduler_QueueRunner->do_batch(25, 'Async Request')
#3 /home/swapyou/www/wp-includes/class-wp-hook.php(308): ActionScheduler_QueueRunner->run('Async Request')
#4 /home/swapyou/www/wp-includes/class-wp-hook.php(332): WP_Hook->apply_filters('', Array)
#5 /home/swapyou/www/wp-includes/plugin.php(517): WP_Hook->d dans /home/swapyou/www/wp-content/plugins/imagify/inc/Dependencies/ActionScheduler/classes/data-stores/ActionScheduler_DBStore.php à la ligne 864

2023-06-23T09:11:03+00:00 CRITICAL Uncaught RuntimeException: Unable to claim actions. Database error. in /home/swapyou/www/wp-content/plugins/imagify/inc/Dependencies/ActionScheduler/classes/data-stores/ActionScheduler_DBStore.php:864
Stack trace:
#0 /home/swapyou/www/wp-content/plugins/imagify/inc/Dependencies/ActionScheduler/classes/data-stores/ActionScheduler_DBStore.php(778): ActionScheduler_DBStore->claim_actions(0, 25, NULL, Array, '')
#1 /home/swapyou/www/wp-content/plugins/imagify/inc/Dependencies/ActionScheduler/classes/ActionScheduler_QueueRunner.php(157): ActionScheduler_DBStore->stake_claim(25)
#2 /home/swapyou/www/wp-content/plugins/imagify/inc/Dependencies/ActionScheduler/classes/ActionScheduler_QueueRunner.php(136): ActionScheduler_QueueRunner->do_batch(25, 'Async Request')
#3 /home/swapyou/www/wp-includes/class-wp-hook.php(308): ActionScheduler_QueueRunner->run('Async Request')
#4 /home/swapyou/www/wp-includes/class-wp-hook.php(332): WP_Hook->apply_filters('', Array)
#5 /home/swapyou/www/wp-includes/plugin.php(517): WP_Hook->d dans /home/swapyou/www/wp-content/plugins/imagify/inc/Dependencies/ActionScheduler/classes/data-stores/ActionScheduler_DBStore.php à la ligne 864

2023-06-23T09:11:04+00:00 CRITICAL Uncaught RuntimeException: Unable to claim actions. Database error. in /home/swapyou/www/wp-content/plugins/imagify/inc/Dependencies/ActionScheduler/classes/data-stores/ActionScheduler_DBStore.php:864
Stack trace:
#0 /home/swapyou/www/wp-content/plugins/imagify/inc/Dependencies/ActionScheduler/classes/data-stores/ActionScheduler_DBStore.php(778): ActionScheduler_DBStore->claim_actions(0, 25, NULL, Array, '')
#1 /home/swapyou/www/wp-content/plugins/imagify/inc/Dependencies/ActionScheduler/classes/ActionScheduler_QueueRunner.php(157): ActionScheduler_DBStore->stake_claim(25)
#2 /home/swapyou/www/wp-content/plugins/imagify/inc/Dependencies/ActionScheduler/classes/ActionScheduler_QueueRunner.php(136): ActionScheduler_QueueRunner->do_batch(25, 'Async Request')
#3 /home/swapyou/www/wp-includes/class-wp-hook.php(308): ActionScheduler_QueueRunner->run('Async Request')
#4 /home/swapyou/www/wp-includes/class-wp-hook.php(332): WP_Hook->apply_filters('', Array)
#5 /home/swapyou/www/wp-includes/plugin.php(517): WP_Hook->d dans /home/swapyou/www/wp-content/plugins/imagify/inc/Dependencies/ActionScheduler/classes/data-stores/ActionScheduler_DBStore.php à la ligne 864

2023-06-23T09:11:06+00:00 CRITICAL Uncaught RuntimeException: Unable to claim actions. Database error. in /home/swapyou/www/wp-content/plugins/imagify/inc/Dependencies/ActionScheduler/classes/data-stores/ActionScheduler_DBStore.php:864
Stack trace:
#0 /home/swapyou/www/wp-content/plugins/imagify/inc/Dependencies/ActionScheduler/classes/data-stores/ActionScheduler_DBStore.php(778): ActionScheduler_DBStore->claim_actions(0, 25, NULL, Array, '')
#1 /home/swapyou/www/wp-content/plugins/imagify/inc/Dependencies/ActionScheduler/classes/ActionScheduler_QueueRunner.php(157): ActionScheduler_DBStore->stake_claim(25)
#2 /home/swapyou/www/wp-content/plugins/imagify/inc/Dependencies/ActionScheduler/classes/ActionScheduler_QueueRunner.php(136): ActionScheduler_QueueRunner->do_batch(25, 'Async Request')
#3 /home/swapyou/www/wp-includes/class-wp-hook.php(308): ActionScheduler_QueueRunner->run('Async Request')
#4 /home/swapyou/www/wp-includes/class-wp-hook.php(332): WP_Hook->apply_filters('', Array)
#5 /home/swapyou/www/wp-includes/plugin.php(517): WP_Hook->d dans /home/swapyou/www/wp-content/plugins/imagify/inc/Dependencies/ActionScheduler/classes/data-stores/ActionScheduler_DBStore.php à la ligne 864

2023-06-23T09:11:08+00:00 CRITICAL Uncaught RuntimeException: Unable to claim actions. Database error. in /home/swapyou/www/wp-content/plugins/imagify/inc/Dependencies/ActionScheduler/classes/data-stores/ActionScheduler_DBStore.php:864
Stack trace:
#0 /home/swapyou/www/wp-content/plugins/imagify/inc/Dependencies/ActionScheduler/classes/data-stores/ActionScheduler_DBStore.php(778): ActionScheduler_DBStore->claim_actions(0, 25, NULL, Array, '')
#1 /home/swapyou/www/wp-content/plugins/imagify/inc/Dependencies/ActionScheduler/classes/ActionScheduler_QueueRunner.php(157): ActionScheduler_DBStore->stake_claim(25)
#2 /home/swapyou/www/wp-content/plugins/imagify/inc/Dependencies/ActionScheduler/classes/ActionScheduler_QueueRunner.php(136): ActionScheduler_QueueRunner->do_batch(25, 'Async Request')
#3 /home/swapyou/www/wp-includes/class-wp-hook.php(308): ActionScheduler_QueueRunner->run('Async Request')
#4 /home/swapyou/www/wp-includes/class-wp-hook.php(332): WP_Hook->apply_filters('', Array)
#5 /home/swapyou/www/wp-includes/plugin.php(517): WP_Hook->d dans /home/swapyou/www/wp-content/plugins/imagify/inc/Dependencies/ActionScheduler/classes/data-stores/ActionScheduler_DBStore.php à la ligne 864

2023-06-23T09:37:01+00:00 CRITICAL Uncaught RuntimeException: Unable to claim actions. Database error. in /home/swapyou/www/wp-content/plugins/imagify/inc/Dependencies/ActionScheduler/classes/data-stores/ActionScheduler_DBStore.php:864
Stack trace:
#0 /home/swapyou/www/wp-content/plugins/imagify/inc/Dependencies/ActionScheduler/classes/data-stores/ActionScheduler_DBStore.php(778): ActionScheduler_DBStore->claim_actions(0, 25, NULL, Array, '')
#1 /home/swapyou/www/wp-content/plugins/imagify/inc/Dependencies/ActionScheduler/classes/ActionScheduler_QueueRunner.php(157): ActionScheduler_DBStore->stake_claim(25)
#2 /home/swapyou/www/wp-content/plugins/imagify/inc/Dependencies/ActionScheduler/classes/ActionScheduler_QueueRunner.php(136): ActionScheduler_QueueRunner->do_batch(25, 'Async Request')
#3 /home/swapyou/www/wp-includes/class-wp-hook.php(308): ActionScheduler_QueueRunner->run('Async Request')
#4 /home/swapyou/www/wp-includes/class-wp-hook.php(332): WP_Hook->apply_filters('', Array)
#5 /home/swapyou/www/wp-includes/plugin.php(517): WP_Hook->d dans /home/swapyou/www/wp-content/plugins/imagify/inc/Dependencies/ActionScheduler/classes/data-stores/ActionScheduler_DBStore.php à la ligne 864

2023-06-23T09:37:07+00:00 CRITICAL Uncaught RuntimeException: Unable to claim actions. Database error. in /home/swapyou/www/wp-content/plugins/imagify/inc/Dependencies/ActionScheduler/classes/data-stores/ActionScheduler_DBStore.php:864
Stack trace:
#0 /home/swapyou/www/wp-content/plugins/imagify/inc/Dependencies/ActionScheduler/classes/data-stores/ActionScheduler_DBStore.php(778): ActionScheduler_DBStore->claim_actions(0, 25, NULL, Array, '')
#1 /home/swapyou/www/wp-content/plugins/imagify/inc/Dependencies/ActionScheduler/classes/ActionScheduler_QueueRunner.php(157): ActionScheduler_DBStore->stake_claim(25)
#2 /home/swapyou/www/wp-content/plugins/imagify/inc/Dependencies/ActionScheduler/classes/ActionScheduler_QueueRunner.php(136): ActionScheduler_QueueRunner->do_batch(25, 'Async Request')
#3 /home/swapyou/www/wp-includes/class-wp-hook.php(308): ActionScheduler_QueueRunner->run('Async Request')
#4 /home/swapyou/www/wp-includes/class-wp-hook.php(332): WP_Hook->apply_filters('', Array)
#5 /home/swapyou/www/wp-includes/plugin.php(517): WP_Hook->d dans /home/swapyou/www/wp-content/plugins/imagify/inc/Dependencies/ActionScheduler/classes/data-stores/ActionScheduler_DBStore.php à la ligne 864

2023-06-23T09:37:07+00:00 CRITICAL Uncaught RuntimeException: Unable to claim actions. Database error. in /home/swapyou/www/wp-content/plugins/imagify/inc/Dependencies/ActionScheduler/classes/data-stores/ActionScheduler_DBStore.php:864
Stack trace:
#0 /home/swapyou/www/wp-content/plugins/imagify/inc/Dependencies/ActionScheduler/classes/data-stores/ActionScheduler_DBStore.php(778): ActionScheduler_DBStore->claim_actions(0, 25, NULL, Array, '')
#1 /home/swapyou/www/wp-content/plugins/imagify/inc/Dependencies/ActionScheduler/classes/ActionScheduler_QueueRunner.php(157): ActionScheduler_DBStore->stake_claim(25)
#2 /home/swapyou/www/wp-content/plugins/imagify/inc/Dependencies/ActionScheduler/classes/ActionScheduler_QueueRunner.php(136): ActionScheduler_QueueRunner->do_batch(25, 'Async Request')
#3 /home/swapyou/www/wp-includes/class-wp-hook.php(308): ActionScheduler_QueueRunner->run('Async Request')
#4 /home/swapyou/www/wp-includes/class-wp-hook.php(332): WP_Hook->apply_filters('', Array)
#5 /home/swapyou/www/wp-includes/plugin.php(517): WP_Hook->d dans /home/swapyou/www/wp-content/plugins/imagify/inc/Dependencies/ActionScheduler/classes/data-stores/ActionScheduler_DBStore.php à la ligne 864

2023-06-23T09:37:11+00:00 CRITICAL Uncaught RuntimeException: Unable to claim actions. Database error. in /home/swapyou/www/wp-content/plugins/imagify/inc/Dependencies/ActionScheduler/classes/data-stores/ActionScheduler_DBStore.php:864
Stack trace:
#0 /home/swapyou/www/wp-content/plugins/imagify/inc/Dependencies/ActionScheduler/classes/data-stores/ActionScheduler_DBStore.php(778): ActionScheduler_DBStore->claim_actions(0, 25, NULL, Array, '')
#1 /home/swapyou/www/wp-content/plugins/imagify/inc/Dependencies/ActionScheduler/classes/ActionScheduler_QueueRunner.php(157): ActionScheduler_DBStore->stake_claim(25)
#2 /home/swapyou/www/wp-content/plugins/imagify/inc/Dependencies/ActionScheduler/classes/ActionScheduler_QueueRunner.php(136): ActionScheduler_QueueRunner->do_batch(25, 'Async Request')
#3 /home/swapyou/www/wp-includes/class-wp-hook.php(308): ActionScheduler_QueueRunner->run('Async Request')
#4 /home/swapyou/www/wp-includes/class-wp-hook.php(332): WP_Hook->apply_filters('', Array)
#5 /home/swapyou/www/wp-includes/plugin.php(517): WP_Hook->d dans /home/swapyou/www/wp-content/plugins/imagify/inc/Dependencies/ActionScheduler/classes/data-stores/ActionScheduler_DBStore.php à la ligne 864

2023-06-23T09:37:11+00:00 CRITICAL Uncaught RuntimeException: Unable to claim actions. Database error. in /home/swapyou/www/wp-content/plugins/imagify/inc/Dependencies/ActionScheduler/classes/data-stores/ActionScheduler_DBStore.php:864
Stack trace:
#0 /home/swapyou/www/wp-content/plugins/imagify/inc/Dependencies/ActionScheduler/classes/data-stores/ActionScheduler_DBStore.php(778): ActionScheduler_DBStore->claim_actions(0, 25, NULL, Array, '')
#1 /home/swapyou/www/wp-content/plugins/imagify/inc/Dependencies/ActionScheduler/classes/ActionScheduler_QueueRunner.php(157): ActionScheduler_DBStore->stake_claim(25)
#2 /home/swapyou/www/wp-content/plugins/imagify/inc/Dependencies/ActionScheduler/classes/ActionScheduler_QueueRunner.php(136): ActionScheduler_QueueRunner->do_batch(25, 'Async Request')
#3 /home/swapyou/www/wp-includes/class-wp-hook.php(308): ActionScheduler_QueueRunner->run('Async Request')
#4 /home/swapyou/www/wp-includes/class-wp-hook.php(332): WP_Hook->apply_filters('', Array)
#5 /home/swapyou/www/wp-includes/plugin.php(517): WP_Hook->d dans /home/swapyou/www/wp-content/plugins/imagify/inc/Dependencies/ActionScheduler/classes/data-stores/ActionScheduler_DBStore.php à la ligne 864

2023-06-23T09:37:13+00:00 CRITICAL Uncaught RuntimeException: Unable to claim actions. Database error. in /home/swapyou/www/wp-content/plugins/imagify/inc/Dependencies/ActionScheduler/classes/data-stores/ActionScheduler_DBStore.php:864
Stack trace:
#0 /home/swapyou/www/wp-content/plugins/imagify/inc/Dependencies/ActionScheduler/classes/data-stores/ActionScheduler_DBStore.php(778): ActionScheduler_DBStore->claim_actions(0, 25, NULL, Array, '')
#1 /home/swapyou/www/wp-content/plugins/imagify/inc/Dependencies/ActionScheduler/classes/ActionScheduler_QueueRunner.php(157): ActionScheduler_DBStore->stake_claim(25)
#2 /home/swapyou/www/wp-content/plugins/imagify/inc/Dependencies/ActionScheduler/classes/ActionScheduler_QueueRunner.php(136): ActionScheduler_QueueRunner->do_batch(25, 'Async Request')
#3 /home/swapyou/www/wp-includes/class-wp-hook.php(308): ActionScheduler_QueueRunner->run('Async Request')
#4 /home/swapyou/www/wp-includes/class-wp-hook.php(332): WP_Hook->apply_filters('', Array)
#5 /home/swapyou/www/wp-includes/plugin.php(517): WP_Hook->d dans /home/swapyou/www/wp-content/plugins/imagify/inc/Dependencies/ActionScheduler/classes/data-stores/ActionScheduler_DBStore.php à la ligne 864

2023-06-23T09:37:13+00:00 CRITICAL Uncaught RuntimeException: Unable to claim actions. Database error. in /home/swapyou/www/wp-content/plugins/imagify/inc/Dependencies/ActionScheduler/classes/data-stores/ActionScheduler_DBStore.php:864
Stack trace:
#0 /home/swapyou/www/wp-content/plugins/imagify/inc/Dependencies/ActionScheduler/classes/data-stores/ActionScheduler_DBStore.php(778): ActionScheduler_DBStore->claim_actions(0, 25, NULL, Array, '')
#1 /home/swapyou/www/wp-content/plugins/imagify/inc/Dependencies/ActionScheduler/classes/ActionScheduler_QueueRunner.php(157): ActionScheduler_DBStore->stake_claim(25)
#2 /home/swapyou/www/wp-content/plugins/imagify/inc/Dependencies/ActionScheduler/classes/ActionScheduler_QueueRunner.php(136): ActionScheduler_QueueRunner->do_batch(25, 'Async Request')
#3 /home/swapyou/www/wp-includes/class-wp-hook.php(308): ActionScheduler_QueueRunner->run('Async Request')
#4 /home/swapyou/www/wp-includes/class-wp-hook.php(332): WP_Hook->apply_filters('', Array)
#5 /home/swapyou/www/wp-includes/plugin.php(517): WP_Hook->d dans /home/swapyou/www/wp-content/plugins/imagify/inc/Dependencies/ActionScheduler/classes/data-stores/ActionScheduler_DBStore.php à la ligne 864

2023-06-23T09:37:14+00:00 CRITICAL Uncaught RuntimeException: Unable to claim actions. Database error. in /home/swapyou/www/wp-content/plugins/imagify/inc/Dependencies/ActionScheduler/classes/data-stores/ActionScheduler_DBStore.php:864
Stack trace:
#0 /home/swapyou/www/wp-content/plugins/imagify/inc/Dependencies/ActionScheduler/classes/data-stores/ActionScheduler_DBStore.php(778): ActionScheduler_DBStore->claim_actions(0, 25, NULL, Array, '')
#1 /home/swapyou/www/wp-content/plugins/imagify/inc/Dependencies/ActionScheduler/classes/ActionScheduler_QueueRunner.php(157): ActionScheduler_DBStore->stake_claim(25)
#2 /home/swapyou/www/wp-content/plugins/imagify/inc/Dependencies/ActionScheduler/classes/ActionScheduler_QueueRunner.php(136): ActionScheduler_QueueRunner->do_batch(25, 'Async Request')
#3 /home/swapyou/www/wp-includes/class-wp-hook.php(308): ActionScheduler_QueueRunner->run('Async Request')
#4 /home/swapyou/www/wp-includes/class-wp-hook.php(332): WP_Hook->apply_filters('', Array)
#5 /home/swapyou/www/wp-includes/plugin.php(517): WP_Hook->d dans /home/swapyou/www/wp-content/plugins/imagify/inc/Dependencies/ActionScheduler/classes/data-stores/ActionScheduler_DBStore.php à la ligne 864

2023-06-23T09:37:16+00:00 CRITICAL Uncaught RuntimeException: Unable to claim actions. Database error. in /home/swapyou/www/wp-content/plugins/imagify/inc/Dependencies/ActionScheduler/classes/data-stores/ActionScheduler_DBStore.php:864
Stack trace:
#0 /home/swapyou/www/wp-content/plugins/imagify/inc/Dependencies/ActionScheduler/classes/data-stores/ActionScheduler_DBStore.php(778): ActionScheduler_DBStore->claim_actions(0, 25, NULL, Array, '')
#1 /home/swapyou/www/wp-content/plugins/imagify/inc/Dependencies/ActionScheduler/classes/ActionScheduler_QueueRunner.php(157): ActionScheduler_DBStore->stake_claim(25)
#2 /home/swapyou/www/wp-content/plugins/imagify/inc/Dependencies/ActionScheduler/classes/ActionScheduler_QueueRunner.php(136): ActionScheduler_QueueRunner->do_batch(25, 'Async Request')
#3 /home/swapyou/www/wp-includes/class-wp-hook.php(308): ActionScheduler_QueueRunner->run('Async Request')
#4 /home/swapyou/www/wp-includes/class-wp-hook.php(332): WP_Hook->apply_filters('', Array)
#5 /home/swapyou/www/wp-includes/plugin.php(517): WP_Hook->d dans /home/swapyou/www/wp-content/plugins/imagify/inc/Dependencies/ActionScheduler/classes/data-stores/ActionScheduler_DBStore.php à la ligne 864

2023-06-23T09:37:16+00:00 CRITICAL Uncaught RuntimeException: Unable to claim actions. Database error. in /home/swapyou/www/wp-content/plugins/imagify/inc/Dependencies/ActionScheduler/classes/data-stores/ActionScheduler_DBStore.php:864
Stack trace:
#0 /home/swapyou/www/wp-content/plugins/imagify/inc/Dependencies/ActionScheduler/classes/data-stores/ActionScheduler_DBStore.php(778): ActionScheduler_DBStore->claim_actions(0, 25, NULL, Array, '')
#1 /home/swapyou/www/wp-content/plugins/imagify/inc/Dependencies/ActionScheduler/classes/ActionScheduler_QueueRunner.php(157): ActionScheduler_DBStore->stake_claim(25)
#2 /home/swapyou/www/wp-content/plugins/imagify/inc/Dependencies/ActionScheduler/classes/ActionScheduler_QueueRunner.php(136): ActionScheduler_QueueRunner->do_batch(25, 'Async Request')
#3 /home/swapyou/www/wp-includes/class-wp-hook.php(308): ActionScheduler_QueueRunner->run('Async Request')
#4 /home/swapyou/www/wp-includes/class-wp-hook.php(332): WP_Hook->apply_filters('', Array)
#5 /home/swapyou/www/wp-includes/plugin.php(517): WP_Hook->d dans /home/swapyou/www/wp-content/plugins/imagify/inc/Dependencies/ActionScheduler/classes/data-stores/ActionScheduler_DBStore.php à la ligne 864

2023-06-23T09:38:04+00:00 CRITICAL Uncaught RuntimeException: Unable to claim actions. Database error. in /home/swapyou/www/wp-content/plugins/imagify/inc/Dependencies/ActionScheduler/classes/data-stores/ActionScheduler_DBStore.php:864
Stack trace:
#0 /home/swapyou/www/wp-content/plugins/imagify/inc/Dependencies/ActionScheduler/classes/data-stores/ActionScheduler_DBStore.php(778): ActionScheduler_DBStore->claim_actions(0, 25, NULL, Array, '')
#1 /home/swapyou/www/wp-content/plugins/imagify/inc/Dependencies/ActionScheduler/classes/ActionScheduler_QueueRunner.php(157): ActionScheduler_DBStore->stake_claim(25)
#2 /home/swapyou/www/wp-content/plugins/imagify/inc/Dependencies/ActionScheduler/classes/ActionScheduler_QueueRunner.php(136): ActionScheduler_QueueRunner->do_batch(25, 'Async Request')
#3 /home/swapyou/www/wp-includes/class-wp-hook.php(308): ActionScheduler_QueueRunner->run('Async Request')
#4 /home/swapyou/www/wp-includes/class-wp-hook.php(332): WP_Hook->apply_filters('', Array)
#5 /home/swapyou/www/wp-includes/plugin.php(517): WP_Hook->d dans /home/swapyou/www/wp-content/plugins/imagify/inc/Dependencies/ActionScheduler/classes/data-stores/ActionScheduler_DBStore.php à la ligne 864

2023-06-23T09:38:07+00:00 CRITICAL Uncaught RuntimeException: Unable to claim actions. Database error. in /home/swapyou/www/wp-content/plugins/imagify/inc/Dependencies/ActionScheduler/classes/data-stores/ActionScheduler_DBStore.php:864
Stack trace:
#0 /home/swapyou/www/wp-content/plugins/imagify/inc/Dependencies/ActionScheduler/classes/data-stores/ActionScheduler_DBStore.php(778): ActionScheduler_DBStore->claim_actions(0, 25, NULL, Array, '')
#1 /home/swapyou/www/wp-content/plugins/imagify/inc/Dependencies/ActionScheduler/classes/ActionScheduler_QueueRunner.php(157): ActionScheduler_DBStore->stake_claim(25)
#2 /home/swapyou/www/wp-content/plugins/imagify/inc/Dependencies/ActionScheduler/classes/ActionScheduler_QueueRunner.php(136): ActionScheduler_QueueRunner->do_batch(25, 'Async Request')
#3 /home/swapyou/www/wp-includes/class-wp-hook.php(308): ActionScheduler_QueueRunner->run('Async Request')
#4 /home/swapyou/www/wp-includes/class-wp-hook.php(332): WP_Hook->apply_filters('', Array)
#5 /home/swapyou/www/wp-includes/plugin.php(517): WP_Hook->d dans /home/swapyou/www/wp-content/plugins/imagify/inc/Dependencies/ActionScheduler/classes/data-stores/ActionScheduler_DBStore.php à la ligne 864

2023-06-23T09:38:09+00:00 CRITICAL Uncaught RuntimeException: Unable to claim actions. Database error. in /home/swapyou/www/wp-content/plugins/imagify/inc/Dependencies/ActionScheduler/classes/data-stores/ActionScheduler_DBStore.php:864
Stack trace:
#0 /home/swapyou/www/wp-content/plugins/imagify/inc/Dependencies/ActionScheduler/classes/data-stores/ActionScheduler_DBStore.php(778): ActionScheduler_DBStore->claim_actions(0, 25, NULL, Array, '')
#1 /home/swapyou/www/wp-content/plugins/imagify/inc/Dependencies/ActionScheduler/classes/ActionScheduler_QueueRunner.php(157): ActionScheduler_DBStore->stake_claim(25)
#2 /home/swapyou/www/wp-content/plugins/imagify/inc/Dependencies/ActionScheduler/classes/ActionScheduler_QueueRunner.php(136): ActionScheduler_QueueRunner->do_batch(25, 'Async Request')
#3 /home/swapyou/www/wp-includes/class-wp-hook.php(308): ActionScheduler_QueueRunner->run('Async Request')
#4 /home/swapyou/www/wp-includes/class-wp-hook.php(332): WP_Hook->apply_filters('', Array)
#5 /home/swapyou/www/wp-includes/plugin.php(517): WP_Hook->d dans /home/swapyou/www/wp-content/plugins/imagify/inc/Dependencies/ActionScheduler/classes/data-stores/ActionScheduler_DBStore.php à la ligne 864

2023-06-23T09:38:11+00:00 CRITICAL Uncaught RuntimeException: Unable to claim actions. Database error. in /home/swapyou/www/wp-content/plugins/imagify/inc/Dependencies/ActionScheduler/classes/data-stores/ActionScheduler_DBStore.php:864
Stack trace:
#0 /home/swapyou/www/wp-content/plugins/imagify/inc/Dependencies/ActionScheduler/classes/data-stores/ActionScheduler_DBStore.php(778): ActionScheduler_DBStore->claim_actions(0, 25, NULL, Array, '')
#1 /home/swapyou/www/wp-content/plugins/imagify/inc/Dependencies/ActionScheduler/classes/ActionScheduler_QueueRunner.php(157): ActionScheduler_DBStore->stake_claim(25)
#2 /home/swapyou/www/wp-content/plugins/imagify/inc/Dependencies/ActionScheduler/classes/ActionScheduler_QueueRunner.php(136): ActionScheduler_QueueRunner->do_batch(25, 'Async Request')
#3 /home/swapyou/www/wp-includes/class-wp-hook.php(308): ActionScheduler_QueueRunner->run('Async Request')
#4 /home/swapyou/www/wp-includes/class-wp-hook.php(332): WP_Hook->apply_filters('', Array)
#5 /home/swapyou/www/wp-includes/plugin.php(517): WP_Hook->d dans /home/swapyou/www/wp-content/plugins/imagify/inc/Dependencies/ActionScheduler/classes/data-stores/ActionScheduler_DBStore.php à la ligne 864

2023-06-23T09:38:13+00:00 CRITICAL Uncaught RuntimeException: Unable to claim actions. Database error. in /home/swapyou/www/wp-content/plugins/imagify/inc/Dependencies/ActionScheduler/classes/data-stores/ActionScheduler_DBStore.php:864
Stack trace:
#0 /home/swapyou/www/wp-content/plugins/imagify/inc/Dependencies/ActionScheduler/classes/data-stores/ActionScheduler_DBStore.php(778): ActionScheduler_DBStore->claim_actions(0, 25, NULL, Array, '')
#1 /home/swapyou/www/wp-content/plugins/imagify/inc/Dependencies/ActionScheduler/classes/ActionScheduler_QueueRunner.php(157): ActionScheduler_DBStore->stake_claim(25)
#2 /home/swapyou/www/wp-content/plugins/imagify/inc/Dependencies/ActionScheduler/classes/ActionScheduler_QueueRunner.php(136): ActionScheduler_QueueRunner->do_batch(25, 'Async Request')
#3 /home/swapyou/www/wp-includes/class-wp-hook.php(308): ActionScheduler_QueueRunner->run('Async Request')
#4 /home/swapyou/www/wp-includes/class-wp-hook.php(332): WP_Hook->apply_filters('', Array)
#5 /home/swapyou/www/wp-includes/plugin.php(517): WP_Hook->d dans /home/swapyou/www/wp-content/plugins/imagify/inc/Dependencies/ActionScheduler/classes/data-stores/ActionScheduler_DBStore.php à la ligne 864

2023-06-23T09:38:14+00:00 CRITICAL require_once(): Failed opening required '/home/swapyou/www/wp-content/plugins/revslider/admin/includes/shortcode_generator/gutenberg/gutenberg-block.php' (include_path='.:/usr/local/php7.4/lib/php') dans /home/swapyou/www/wp-content/plugins/revslider/public/revslider-front.class.php à la ligne 391

2023-06-23T09:38:14+00:00 CRITICAL Uncaught RuntimeException: Unable to claim actions. Database error. in /home/swapyou/www/wp-content/plugins/imagify/inc/Dependencies/ActionScheduler/classes/data-stores/ActionScheduler_DBStore.php:864
Stack trace:
#0 /home/swapyou/www/wp-content/plugins/imagify/inc/Dependencies/ActionScheduler/classes/data-stores/ActionScheduler_DBStore.php(778): ActionScheduler_DBStore->claim_actions(0, 25, NULL, Array, '')
#1 /home/swapyou/www/wp-content/plugins/imagify/inc/Dependencies/ActionScheduler/classes/ActionScheduler_QueueRunner.php(157): ActionScheduler_DBStore->stake_claim(25)
#2 /home/swapyou/www/wp-content/plugins/imagify/inc/Dependencies/ActionScheduler/classes/ActionScheduler_QueueRunner.php(136): ActionScheduler_QueueRunner->do_batch(25, 'Async Request')
#3 /home/swapyou/www/wp-includes/class-wp-hook.php(308): ActionScheduler_QueueRunner->run('Async Request')
#4 /home/swapyou/www/wp-includes/class-wp-hook.php(332): WP_Hook->apply_filters('', Array)
#5 /home/swapyou/www/wp-includes/plugin.php(517): WP_Hook->d dans /home/swapyou/www/wp-content/plugins/imagify/inc/Dependencies/ActionScheduler/classes/data-stores/ActionScheduler_DBStore.php à la ligne 864

2023-06-23T09:39:07+00:00 CRITICAL require_once(): Failed opening required '/home/swapyou/www/wp-content/plugins/revslider/admin/views/modals-copyright.php' (include_path='.:/usr/local/php7.4/lib/php') dans /home/swapyou/www/wp-content/plugins/revslider/admin/includes/shortcode_generator/shortcode_generator.class.php à la ligne 319

2023-06-23T09:39:12+00:00 CRITICAL Uncaught RuntimeException: Unable to claim actions. Database error. in /home/swapyou/www/wp-content/plugins/imagify/inc/Dependencies/ActionScheduler/classes/data-stores/ActionScheduler_DBStore.php:864
Stack trace:
#0 /home/swapyou/www/wp-content/plugins/imagify/inc/Dependencies/ActionScheduler/classes/data-stores/ActionScheduler_DBStore.php(778): ActionScheduler_DBStore->claim_actions(0, 25, NULL, Array, '')
#1 /home/swapyou/www/wp-content/plugins/imagify/inc/Dependencies/ActionScheduler/classes/ActionScheduler_QueueRunner.php(157): ActionScheduler_DBStore->stake_claim(25)
#2 /home/swapyou/www/wp-content/plugins/imagify/inc/Dependencies/ActionScheduler/classes/ActionScheduler_QueueRunner.php(136): ActionScheduler_QueueRunner->do_batch(25, 'Async Request')
#3 /home/swapyou/www/wp-includes/class-wp-hook.php(308): ActionScheduler_QueueRunner->run('Async Request')
#4 /home/swapyou/www/wp-includes/class-wp-hook.php(332): WP_Hook->apply_filters('', Array)
#5 /home/swapyou/www/wp-includes/plugin.php(517): WP_Hook->d dans /home/swapyou/www/wp-content/plugins/imagify/inc/Dependencies/ActionScheduler/classes/data-stores/ActionScheduler_DBStore.php à la ligne 864

2023-06-23T09:39:14+00:00 CRITICAL Uncaught RuntimeException: Unable to claim actions. Database error. in /home/swapyou/www/wp-content/plugins/imagify/inc/Dependencies/ActionScheduler/classes/data-stores/ActionScheduler_DBStore.php:864
Stack trace:
#0 /home/swapyou/www/wp-content/plugins/imagify/inc/Dependencies/ActionScheduler/classes/data-stores/ActionScheduler_DBStore.php(778): ActionScheduler_DBStore->claim_actions(0, 25, NULL, Array, '')
#1 /home/swapyou/www/wp-content/plugins/imagify/inc/Dependencies/ActionScheduler/classes/ActionScheduler_QueueRunner.php(157): ActionScheduler_DBStore->stake_claim(25)
#2 /home/swapyou/www/wp-content/plugins/imagify/inc/Dependencies/ActionScheduler/classes/ActionScheduler_QueueRunner.php(136): ActionScheduler_QueueRunner->do_batch(25, 'Async Request')
#3 /home/swapyou/www/wp-includes/class-wp-hook.php(308): ActionScheduler_QueueRunner->run('Async Request')
#4 /home/swapyou/www/wp-includes/class-wp-hook.php(332): WP_Hook->apply_filters('', Array)
#5 /home/swapyou/www/wp-includes/plugin.php(517): WP_Hook->d dans /home/swapyou/www/wp-content/plugins/imagify/inc/Dependencies/ActionScheduler/classes/data-stores/ActionScheduler_DBStore.php à la ligne 864

2023-06-23T09:39:16+00:00 CRITICAL Uncaught RuntimeException: Unable to claim actions. Database error. in /home/swapyou/www/wp-content/plugins/imagify/inc/Dependencies/ActionScheduler/classes/data-stores/ActionScheduler_DBStore.php:864
Stack trace:
#0 /home/swapyou/www/wp-content/plugins/imagify/inc/Dependencies/ActionScheduler/classes/data-stores/ActionScheduler_DBStore.php(778): ActionScheduler_DBStore->claim_actions(0, 25, NULL, Array, '')
#1 /home/swapyou/www/wp-content/plugins/imagify/inc/Dependencies/ActionScheduler/classes/ActionScheduler_QueueRunner.php(157): ActionScheduler_DBStore->stake_claim(25)
#2 /home/swapyou/www/wp-content/plugins/imagify/inc/Dependencies/ActionScheduler/classes/ActionScheduler_QueueRunner.php(136): ActionScheduler_QueueRunner->do_batch(25, 'Async Request')
#3 /home/swapyou/www/wp-includes/class-wp-hook.php(308): ActionScheduler_QueueRunner->run('Async Request')
#4 /home/swapyou/www/wp-includes/class-wp-hook.php(332): WP_Hook->apply_filters('', Array)
#5 /home/swapyou/www/wp-includes/plugin.php(517): WP_Hook->d dans /home/swapyou/www/wp-content/plugins/imagify/inc/Dependencies/ActionScheduler/classes/data-stores/ActionScheduler_DBStore.php à la ligne 864

2023-06-23T09:39:17+00:00 CRITICAL Uncaught RuntimeException: Unable to claim actions. Database error. in /home/swapyou/www/wp-content/plugins/imagify/inc/Dependencies/ActionScheduler/classes/data-stores/ActionScheduler_DBStore.php:864
Stack trace:
#0 /home/swapyou/www/wp-content/plugins/imagify/inc/Dependencies/ActionScheduler/classes/data-stores/ActionScheduler_DBStore.php(778): ActionScheduler_DBStore->claim_actions(0, 25, NULL, Array, '')
#1 /home/swapyou/www/wp-content/plugins/imagify/inc/Dependencies/ActionScheduler/classes/ActionScheduler_QueueRunner.php(157): ActionScheduler_DBStore->stake_claim(25)
#2 /home/swapyou/www/wp-content/plugins/imagify/inc/Dependencies/ActionScheduler/classes/ActionScheduler_QueueRunner.php(136): ActionScheduler_QueueRunner->do_batch(25, 'Async Request')
#3 /home/swapyou/www/wp-includes/class-wp-hook.php(308): ActionScheduler_QueueRunner->run('Async Request')
#4 /home/swapyou/www/wp-includes/class-wp-hook.php(332): WP_Hook->apply_filters('', Array)
#5 /home/swapyou/www/wp-includes/plugin.php(517): WP_Hook->d dans /home/swapyou/www/wp-content/plugins/imagify/inc/Dependencies/ActionScheduler/classes/data-stores/ActionScheduler_DBStore.php à la ligne 864

2023-06-23T09:39:18+00:00 CRITICAL Uncaught RuntimeException: Unable to claim actions. Database error. in /home/swapyou/www/wp-content/plugins/imagify/inc/Dependencies/ActionScheduler/classes/data-stores/ActionScheduler_DBStore.php:864
Stack trace:
#0 /home/swapyou/www/wp-content/plugins/imagify/inc/Dependencies/ActionScheduler/classes/data-stores/ActionScheduler_DBStore.php(778): ActionScheduler_DBStore->claim_actions(0, 25, NULL, Array, '')
#1 /home/swapyou/www/wp-content/plugins/imagify/inc/Dependencies/ActionScheduler/classes/ActionScheduler_QueueRunner.php(157): ActionScheduler_DBStore->stake_claim(25)
#2 /home/swapyou/www/wp-content/plugins/imagify/inc/Dependencies/ActionScheduler/classes/ActionScheduler_QueueRunner.php(136): ActionScheduler_QueueRunner->do_batch(25, 'Async Request')
#3 /home/swapyou/www/wp-includes/class-wp-hook.php(308): ActionScheduler_QueueRunner->run('Async Request')
#4 /home/swapyou/www/wp-includes/class-wp-hook.php(332): WP_Hook->apply_filters('', Array)
#5 /home/swapyou/www/wp-includes/plugin.php(517): WP_Hook->d dans /home/swapyou/www/wp-content/plugins/imagify/inc/Dependencies/ActionScheduler/classes/data-stores/ActionScheduler_DBStore.php à la ligne 864

2023-06-23T09:39:20+00:00 CRITICAL Uncaught RuntimeException: Unable to claim actions. Database error. in /home/swapyou/www/wp-content/plugins/imagify/inc/Dependencies/ActionScheduler/classes/data-stores/ActionScheduler_DBStore.php:864
Stack trace:
#0 /home/swapyou/www/wp-content/plugins/imagify/inc/Dependencies/ActionScheduler/classes/data-stores/ActionScheduler_DBStore.php(778): ActionScheduler_DBStore->claim_actions(0, 25, NULL, Array, '')
#1 /home/swapyou/www/wp-content/plugins/imagify/inc/Dependencies/ActionScheduler/classes/ActionScheduler_QueueRunner.php(157): ActionScheduler_DBStore->stake_claim(25)
#2 /home/swapyou/www/wp-content/plugins/imagify/inc/Dependencies/ActionScheduler/classes/ActionScheduler_QueueRunner.php(136): ActionScheduler_QueueRunner->do_batch(25, 'Async Request')
#3 /home/swapyou/www/wp-includes/class-wp-hook.php(308): ActionScheduler_QueueRunner->run('Async Request')
#4 /home/swapyou/www/wp-includes/class-wp-hook.php(332): WP_Hook->apply_filters('', Array)
#5 /home/swapyou/www/wp-includes/plugin.php(517): WP_Hook->d dans /home/swapyou/www/wp-content/plugins/imagify/inc/Dependencies/ActionScheduler/classes/data-stores/ActionScheduler_DBStore.php à la ligne 864

2023-06-23T09:39:21+00:00 CRITICAL Uncaught RuntimeException: Unable to claim actions. Database error. in /home/swapyou/www/wp-content/plugins/imagify/inc/Dependencies/ActionScheduler/classes/data-stores/ActionScheduler_DBStore.php:864
Stack trace:
#0 /home/swapyou/www/wp-content/plugins/imagify/inc/Dependencies/ActionScheduler/classes/data-stores/ActionScheduler_DBStore.php(778): ActionScheduler_DBStore->claim_actions(0, 25, NULL, Array, '')
#1 /home/swapyou/www/wp-content/plugins/imagify/inc/Dependencies/ActionScheduler/classes/ActionScheduler_QueueRunner.php(157): ActionScheduler_DBStore->stake_claim(25)
#2 /home/swapyou/www/wp-content/plugins/imagify/inc/Dependencies/ActionScheduler/classes/ActionScheduler_QueueRunner.php(136): ActionScheduler_QueueRunner->do_batch(25, 'Async Request')
#3 /home/swapyou/www/wp-includes/class-wp-hook.php(308): ActionScheduler_QueueRunner->run('Async Request')
#4 /home/swapyou/www/wp-includes/class-wp-hook.php(332): WP_Hook->apply_filters('', Array)
#5 /home/swapyou/www/wp-includes/plugin.php(517): WP_Hook->d dans /home/swapyou/www/wp-content/plugins/imagify/inc/Dependencies/ActionScheduler/classes/data-stores/ActionScheduler_DBStore.php à la ligne 864

2023-06-23T09:39:22+00:00 CRITICAL Uncaught RuntimeException: Unable to claim actions. Database error. in /home/swapyou/www/wp-content/plugins/imagify/inc/Dependencies/ActionScheduler/classes/data-stores/ActionScheduler_DBStore.php:864
Stack trace:
#0 /home/swapyou/www/wp-content/plugins/imagify/inc/Dependencies/ActionScheduler/classes/data-stores/ActionScheduler_DBStore.php(778): ActionScheduler_DBStore->claim_actions(0, 25, NULL, Array, '')
#1 /home/swapyou/www/wp-content/plugins/imagify/inc/Dependencies/ActionScheduler/classes/ActionScheduler_QueueRunner.php(157): ActionScheduler_DBStore->stake_claim(25)
#2 /home/swapyou/www/wp-content/plugins/imagify/inc/Dependencies/ActionScheduler/classes/ActionScheduler_QueueRunner.php(136): ActionScheduler_QueueRunner->do_batch(25, 'Async Request')
#3 /home/swapyou/www/wp-includes/class-wp-hook.php(308): ActionScheduler_QueueRunner->run('Async Request')
#4 /home/swapyou/www/wp-includes/class-wp-hook.php(332): WP_Hook->apply_filters('', Array)
#5 /home/swapyou/www/wp-includes/plugin.php(517): WP_Hook->d dans /home/swapyou/www/wp-content/plugins/imagify/inc/Dependencies/ActionScheduler/classes/data-stores/ActionScheduler_DBStore.php à la ligne 864

2023-06-23T09:39:23+00:00 CRITICAL Uncaught RuntimeException: Unable to claim actions. Database error. in /home/swapyou/www/wp-content/plugins/imagify/inc/Dependencies/ActionScheduler/classes/data-stores/ActionScheduler_DBStore.php:864
Stack trace:
#0 /home/swapyou/www/wp-content/plugins/imagify/inc/Dependencies/ActionScheduler/classes/data-stores/ActionScheduler_DBStore.php(778): ActionScheduler_DBStore->claim_actions(0, 25, NULL, Array, '')
#1 /home/swapyou/www/wp-content/plugins/imagify/inc/Dependencies/ActionScheduler/classes/ActionScheduler_QueueRunner.php(157): ActionScheduler_DBStore->stake_claim(25)
#2 /home/swapyou/www/wp-content/plugins/imagify/inc/Dependencies/ActionScheduler/classes/ActionScheduler_QueueRunner.php(136): ActionScheduler_QueueRunner->do_batch(25, 'Async Request')
#3 /home/swapyou/www/wp-includes/class-wp-hook.php(308): ActionScheduler_QueueRunner->run('Async Request')
#4 /home/swapyou/www/wp-includes/class-wp-hook.php(332): WP_Hook->apply_filters('', Array)
#5 /home/swapyou/www/wp-includes/plugin.php(517): WP_Hook->d dans /home/swapyou/www/wp-content/plugins/imagify/inc/Dependencies/ActionScheduler/classes/data-stores/ActionScheduler_DBStore.php à la ligne 864

2023-06-23T09:39:24+00:00 CRITICAL Uncaught RuntimeException: Unable to claim actions. Database error. in /home/swapyou/www/wp-content/plugins/imagify/inc/Dependencies/ActionScheduler/classes/data-stores/ActionScheduler_DBStore.php:864
Stack trace:
#0 /home/swapyou/www/wp-content/plugins/imagify/inc/Dependencies/ActionScheduler/classes/data-stores/ActionScheduler_DBStore.php(778): ActionScheduler_DBStore->claim_actions(0, 25, NULL, Array, '')
#1 /home/swapyou/www/wp-content/plugins/imagify/inc/Dependencies/ActionScheduler/classes/ActionScheduler_QueueRunner.php(157): ActionScheduler_DBStore->stake_claim(25)
#2 /home/swapyou/www/wp-content/plugins/imagify/inc/Dependencies/ActionScheduler/classes/ActionScheduler_QueueRunner.php(136): ActionScheduler_QueueRunner->do_batch(25, 'Async Request')
#3 /home/swapyou/www/wp-includes/class-wp-hook.php(308): ActionScheduler_QueueRunner->run('Async Request')
#4 /home/swapyou/www/wp-includes/class-wp-hook.php(332): WP_Hook->apply_filters('', Array)
#5 /home/swapyou/www/wp-includes/plugin.php(517): WP_Hook->d dans /home/swapyou/www/wp-content/plugins/imagify/inc/Dependencies/ActionScheduler/classes/data-stores/ActionScheduler_DBStore.php à la ligne 864

2023-06-23T09:39:25+00:00 CRITICAL Uncaught RuntimeException: Unable to claim actions. Database error. in /home/swapyou/www/wp-content/plugins/imagify/inc/Dependencies/ActionScheduler/classes/data-stores/ActionScheduler_DBStore.php:864
Stack trace:
#0 /home/swapyou/www/wp-content/plugins/imagify/inc/Dependencies/ActionScheduler/classes/data-stores/ActionScheduler_DBStore.php(778): ActionScheduler_DBStore->claim_actions(0, 25, NULL, Array, '')
#1 /home/swapyou/www/wp-content/plugins/imagify/inc/Dependencies/ActionScheduler/classes/ActionScheduler_QueueRunner.php(157): ActionScheduler_DBStore->stake_claim(25)
#2 /home/swapyou/www/wp-content/plugins/imagify/inc/Dependencies/ActionScheduler/classes/ActionScheduler_QueueRunner.php(136): ActionScheduler_QueueRunner->do_batch(25, 'Async Request')
#3 /home/swapyou/www/wp-includes/class-wp-hook.php(308): ActionScheduler_QueueRunner->run('Async Request')
#4 /home/swapyou/www/wp-includes/class-wp-hook.php(332): WP_Hook->apply_filters('', Array)
#5 /home/swapyou/www/wp-includes/plugin.php(517): WP_Hook->d dans /home/swapyou/www/wp-content/plugins/imagify/inc/Dependencies/ActionScheduler/classes/data-stores/ActionScheduler_DBStore.php à la ligne 864

2023-06-23T09:39:29+00:00 CRITICAL Uncaught RuntimeException: Unable to claim actions. Database error. in /home/swapyou/www/wp-content/plugins/imagify/inc/Dependencies/ActionScheduler/classes/data-stores/ActionScheduler_DBStore.php:864
Stack trace:
#0 /home/swapyou/www/wp-content/plugins/imagify/inc/Dependencies/ActionScheduler/classes/data-stores/ActionScheduler_DBStore.php(778): ActionScheduler_DBStore->claim_actions(0, 25, NULL, Array, '')
#1 /home/swapyou/www/wp-content/plugins/imagify/inc/Dependencies/ActionScheduler/classes/ActionScheduler_QueueRunner.php(157): ActionScheduler_DBStore->stake_claim(25)
#2 /home/swapyou/www/wp-content/plugins/imagify/inc/Dependencies/ActionScheduler/classes/ActionScheduler_QueueRunner.php(136): ActionScheduler_QueueRunner->do_batch(25, 'Async Request')
#3 /home/swapyou/www/wp-includes/class-wp-hook.php(308): ActionScheduler_QueueRunner->run('Async Request')
#4 /home/swapyou/www/wp-includes/class-wp-hook.php(332): WP_Hook->apply_filters('', Array)
#5 /home/swapyou/www/wp-includes/plugin.php(517): WP_Hook->d dans /home/swapyou/www/wp-content/plugins/imagify/inc/Dependencies/ActionScheduler/classes/data-stores/ActionScheduler_DBStore.php à la ligne 864

2023-06-23T09:39:29+00:00 CRITICAL Uncaught RuntimeException: Unable to claim actions. Database error. in /home/swapyou/www/wp-content/plugins/imagify/inc/Dependencies/ActionScheduler/classes/data-stores/ActionScheduler_DBStore.php:864
Stack trace:
#0 /home/swapyou/www/wp-content/plugins/imagify/inc/Dependencies/ActionScheduler/classes/data-stores/ActionScheduler_DBStore.php(778): ActionScheduler_DBStore->claim_actions(0, 25, NULL, Array, '')
#1 /home/swapyou/www/wp-content/plugins/imagify/inc/Dependencies/ActionScheduler/classes/ActionScheduler_QueueRunner.php(157): ActionScheduler_DBStore->stake_claim(25)
#2 /home/swapyou/www/wp-content/plugins/imagify/inc/Dependencies/ActionScheduler/classes/ActionScheduler_QueueRunner.php(136): ActionScheduler_QueueRunner->do_batch(25, 'Async Request')
#3 /home/swapyou/www/wp-includes/class-wp-hook.php(308): ActionScheduler_QueueRunner->run('Async Request')
#4 /home/swapyou/www/wp-includes/class-wp-hook.php(332): WP_Hook->apply_filters('', Array)
#5 /home/swapyou/www/wp-includes/plugin.php(517): WP_Hook->d dans /home/swapyou/www/wp-content/plugins/imagify/inc/Dependencies/ActionScheduler/classes/data-stores/ActionScheduler_DBStore.php à la ligne 864

2023-06-23T09:39:31+00:00 CRITICAL Uncaught RuntimeException: Unable to claim actions. Database error. in /home/swapyou/www/wp-content/plugins/imagify/inc/Dependencies/ActionScheduler/classes/data-stores/ActionScheduler_DBStore.php:864
Stack trace:
#0 /home/swapyou/www/wp-content/plugins/imagify/inc/Dependencies/ActionScheduler/classes/data-stores/ActionScheduler_DBStore.php(778): ActionScheduler_DBStore->claim_actions(0, 25, NULL, Array, '')
#1 /home/swapyou/www/wp-content/plugins/imagify/inc/Dependencies/ActionScheduler/classes/ActionScheduler_QueueRunner.php(157): ActionScheduler_DBStore->stake_claim(25)
#2 /home/swapyou/www/wp-content/plugins/imagify/inc/Dependencies/ActionScheduler/classes/ActionScheduler_QueueRunner.php(136): ActionScheduler_QueueRunner->do_batch(25, 'Async Request')
#3 /home/swapyou/www/wp-includes/class-wp-hook.php(308): ActionScheduler_QueueRunner->run('Async Request')
#4 /home/swapyou/www/wp-includes/class-wp-hook.php(332): WP_Hook->apply_filters('', Array)
#5 /home/swapyou/www/wp-includes/plugin.php(517): WP_Hook->d dans /home/swapyou/www/wp-content/plugins/imagify/inc/Dependencies/ActionScheduler/classes/data-stores/ActionScheduler_DBStore.php à la ligne 864

2023-06-23T09:39:32+00:00 CRITICAL Uncaught RuntimeException: Unable to claim actions. Database error. in /home/swapyou/www/wp-content/plugins/imagify/inc/Dependencies/ActionScheduler/classes/data-stores/ActionScheduler_DBStore.php:864
Stack trace:
#0 /home/swapyou/www/wp-content/plugins/imagify/inc/Dependencies/ActionScheduler/classes/data-stores/ActionScheduler_DBStore.php(778): ActionScheduler_DBStore->claim_actions(0, 25, NULL, Array, '')
#1 /home/swapyou/www/wp-content/plugins/imagify/inc/Dependencies/ActionScheduler/classes/ActionScheduler_QueueRunner.php(157): ActionScheduler_DBStore->stake_claim(25)
#2 /home/swapyou/www/wp-content/plugins/imagify/inc/Dependencies/ActionScheduler/classes/ActionScheduler_QueueRunner.php(136): ActionScheduler_QueueRunner->do_batch(25, 'Async Request')
#3 /home/swapyou/www/wp-includes/class-wp-hook.php(308): ActionScheduler_QueueRunner->run('Async Request')
#4 /home/swapyou/www/wp-includes/class-wp-hook.php(332): WP_Hook->apply_filters('', Array)
#5 /home/swapyou/www/wp-includes/plugin.php(517): WP_Hook->d dans /home/swapyou/www/wp-content/plugins/imagify/inc/Dependencies/ActionScheduler/classes/data-stores/ActionScheduler_DBStore.php à la ligne 864

2023-06-23T09:39:33+00:00 CRITICAL Uncaught RuntimeException: Unable to claim actions. Database error. in /home/swapyou/www/wp-content/plugins/imagify/inc/Dependencies/ActionScheduler/classes/data-stores/ActionScheduler_DBStore.php:864
Stack trace:
#0 /home/swapyou/www/wp-content/plugins/imagify/inc/Dependencies/ActionScheduler/classes/data-stores/ActionScheduler_DBStore.php(778): ActionScheduler_DBStore->claim_actions(0, 25, NULL, Array, '')
#1 /home/swapyou/www/wp-content/plugins/imagify/inc/Dependencies/ActionScheduler/classes/ActionScheduler_QueueRunner.php(157): ActionScheduler_DBStore->stake_claim(25)
#2 /home/swapyou/www/wp-content/plugins/imagify/inc/Dependencies/ActionScheduler/classes/ActionScheduler_QueueRunner.php(136): ActionScheduler_QueueRunner->do_batch(25, 'Async Request')
#3 /home/swapyou/www/wp-includes/class-wp-hook.php(308): ActionScheduler_QueueRunner->run('Async Request')
#4 /home/swapyou/www/wp-includes/class-wp-hook.php(332): WP_Hook->apply_filters('', Array)
#5 /home/swapyou/www/wp-includes/plugin.php(517): WP_Hook->d dans /home/swapyou/www/wp-content/plugins/imagify/inc/Dependencies/ActionScheduler/classes/data-stores/ActionScheduler_DBStore.php à la ligne 864

